00:00:00.546088 VirtualBox GUI VM Selector Window 7.2.4 r170995 win.amd64 (Oct 17 2025 12:31:09) release log
00:00:00.546089 Log opened 2025-11-24T07:06:30.422386600Z
00:00:00.546090 Build Type: release
00:00:00.546091 OS Product: Windows 11
00:00:00.546139 OS Release: 10.0.22631.6060
00:00:00.546140 OS Service Pack: 
00:00:00.554617 DMI Product Name: HP Laptop 15-dy2xxx
00:00:00.557386 DMI Product Version:  
00:00:00.557401 Firmware type: UEFI
00:00:00.557690 Secure Boot: Enabled
00:00:00.557695 Host RAM: 7834MB (7.6GB) total, 1255MB available
00:00:00.557699 Executable: C:\Program Files\Oracle\VirtualBox\VirtualBox.exe
00:00:00.557699 Process ID: 17068
00:00:00.557699 Package type: WINDOWS_64BITS_GENERIC
00:00:00.557700 Windows Features:
00:00:00.557700   Core Isolation (Memory Integrity): Not supported
00:00:00.557829 Qt version: 6.8.0
00:00:00.558409 GUI: UIMediumEnumerator: Initial medium-enumeration finished!
00:00:00.563370 GUI: UIMediumEnumerator: Medium-enumeration started...
00:00:01.061429 GUI: UIMediumEnumerator: Medium-enumeration finished!
00:00:51.516824 GUI: UICommon: Handling aboutToQuit request..
00:00:52.941081 GUI: UICommon: aboutToQuit request handled!
