00:00:00.001733 main     VirtualBox COM Server 7.2.4 r170995 win.amd64 (Oct 17 2025 12:31:09) release log
00:00:00.001737 main     Log opened 2025-11-24T07:06:29.996892700Z
00:00:00.001737 main     Build Type: release
00:00:00.001741 main     OS Product: Windows 11
00:00:00.001771 main     OS Release: 10.0.22631.6060
00:00:00.001772 main     OS Service Pack: 
00:00:00.015062 main     DMI Product Name: HP Laptop 15-dy2xxx
00:00:00.022721 main     DMI Product Version:  
00:00:00.022730 main     Firmware type: UEFI
00:00:00.023039 main     Secure Boot: Enabled
00:00:00.023050 main     Host RAM: 7834MB (7.6GB) total, 1275MB available
00:00:00.023055 main     Executable: C:\Program Files\Oracle\VirtualBox\VBoxSVC.exe
00:00:00.023055 main     Process ID: 9500
00:00:00.023056 main     Package type: WINDOWS_64BITS_GENERIC
00:00:00.023058 main     Windows Features:
00:00:00.023059 main       Core Isolation (Memory Integrity): Not supported
00:00:00.064901          VirtualBox: object creation starts
00:00:00.065043          Home directory: 'C:\Users\getan\.VirtualBox'
00:00:00.065139          Installed Drivers:
00:00:00.068493            C:\WINDOWS\system32\DRIVERS\VBoxNetLwf.sys (Version: 7.2.4.20995)
00:00:00.068975            C:\WINDOWS\system32\DRIVERS\VBoxUSBMon.sys (Version: 7.2.4.20995)
00:00:00.069161            C:\WINDOWS\system32\DRIVERS\VBoxSup.sys (Version: 7.2.4.20995)
00:00:00.069763            C:\WINDOWS\system32\DRIVERS\VBoxNetAdp6.sys (Version: 7.2.4.20995)
00:00:00.074249          Loading settings file "C:\Users\getan\.VirtualBox\VirtualBox.xml" with version "1.12-windows"
00:00:00.075485          usbLibGetDevices: Starting USB device enumeration
00:00:00.103121          Getting USB descriptor (id 0) failed (dwErr=31) on hub USB#ROOT_HUB30#4&300143a6&0&0#{f18a0e88-c30c-11d0-8815-00a0c906bed8} port 7
00:00:00.103190          Getting USB descriptor (id 0) failed (dwErr=31) on hub USB#ROOT_HUB30#4&300143a6&0&0#{f18a0e88-c30c-11d0-8815-00a0c906bed8} port 10
00:00:00.103247          Getting USB descriptor (id 0) failed (dwErr=31) on hub USB#ROOT_HUB30#4&300143a6&0&0#{f18a0e88-c30c-11d0-8815-00a0c906bed8} port 14
00:00:00.105133          usbLibGetDevices: Found 3 USB devices, 0 captured
00:00:00.105174          USB: Unknown USB device detected (idVendor: 0x04f3, idProduct: 0x0c00)
00:00:00.105214          USB: Unknown USB device detected (idVendor: 0x0bc2, idProduct: 0xa013)
00:00:00.105231          USB: Unknown USB device detected (idVendor: 0x0bda, idProduct: 0xb00e)
00:00:00.227851          netIfIsWireless: CreateFile on '\\.\{8EBF7CCE-9AE9-4A5E-B449-32D4DFC0AFF9}' failed with rcWin=2 (0x2) - ignoring
00:00:00.233568          HostDnsMonitor: initializing
00:00:00.242541          HostDnsMonitor: updating information
00:00:00.242561          HostDnsMonitor: old information
00:00:00.242562            no server entries
00:00:00.242562            no domain set
00:00:00.242563            no search string entries
00:00:00.242563          HostDnsMonitor: new information
00:00:00.242563            server 1: 10.90.10.28
00:00:00.242564            server 2: 10.90.104.31
00:00:00.242564            server 3: 4.2.2.2
00:00:00.242564            server 4: 1.1.1.1
00:00:00.242565            domain: aau.edu.et
00:00:00.242565            no search string entries
00:00:00.282618          VD: VDInit finished with VINF_SUCCESS
00:00:00.347970          OCI: Local config file 'C:\Users\getan\.VirtualBox\oci_config' does not exist
00:00:00.348020          OCI: Original config file 'C:\Users\getan\.oci\config' does not exist
00:00:00.348020          OCI: Reading profiles finished with status ERROR_SUCCESS
00:00:00.348031          ExtPack: Created cloud provider 'OCI' (hrc=ERROR_SUCCESS)
00:00:00.348089          VirtualBox: object created
00:00:00.885364          Saving settings file "C:\Users\getan\.VirtualBox\VirtualBox.xml" with version "1.12-windows"
00:00:00.888290          Finished saving settings file "C:\Users\getan\.VirtualBox\VirtualBox.xml"
00:00:00.888479          Saving settings file "C:\Users\getan\.VirtualBox\VirtualBox.xml" with version "1.12-windows"
00:00:00.890992          Finished saving settings file "C:\Users\getan\.VirtualBox\VirtualBox.xml"
00:00:00.891237          Saving settings file "C:\Users\getan\.VirtualBox\VirtualBox.xml" with version "1.12-windows"
00:00:00.893314          Finished saving settings file "C:\Users\getan\.VirtualBox\VirtualBox.xml"
00:00:57.812541 main     VirtualBox: object deletion starts
00:00:57.814954 main     HostDnsMonitor: shutting down ...
00:00:57.815158 main     HostDnsMonitor: shut down
00:00:57.819834 Watcher  ERROR [COM]: aRC=E_ACCESSDENIED (0x80070005) aIID={2ce10519-3c09-45d8-a12d-e887786146b7} aComponent={VirtualBoxWrap} aText={The object is not ready}, preserve=false aResultDetail=0
00:00:57.820175 main     VirtualBox: object deleted
